<?xml version="1.0" encoding="UTF-8"?>
<!-- Generated by org.testng.reporters.JUnitXMLReporter -->
<testsuite ignored="3" hostname="DESKTOP-FJG5ERF" failures="0" tests="3" name="MyTestClass" time="0.107" errors="0" timestamp="2022-06-23T18:33:25 IST">
  <testcase classname="includeExclude.MyTestClass" name="a" time="0.025"/>
  <testcase classname="includeExclude.MyTestClass" name="v" time="0.002"/>
  <testcase classname="includeExclude.MyTestClass2" name="y" time="0.002"/>
  <testcase classname="includeExclude.MyTestClass2" name="x" time="0.0">
    <ignored/>
  </testcase> <!-- x -->
  <testcase classname="includeExclude.MyTestClass" name="d" time="0.0">
    <ignored/>
  </testcase> <!-- d -->
  <testcase classname="includeExclude.MyTestClass2" name="z" time="0.0">
    <ignored/>
  </testcase> <!-- z -->
</testsuite> <!-- MyTestClass -->
